          ok  Starting native_osx for sync services-content-sync
          ok  services-content-sync container still running, restarting unison in container
unison: stopped
unison: started
     success  Sync container started
     success  Showing unison logs from your sync container: services-content-sync
          ok  Starting native_osx for sync web-content-sync
          ok  web-content-sync container still running, restarting unison in container
unison: stopped
unison: started
     success  Sync container started
     success  Showing unison logs from your sync container: web-content-sync
[2018-09-04 22:50:03 +0100] Sync Log:  UNISON 2.51.2 (OCAML 4.06.1) started propagating changes at 22:50:03.69 on 04 Sep 2018
[2018-09-04 22:50:03 +0100] Sync Log:  [BGN] Updating file src/controllers/content.js from /host_sync to /app_sync
[2018-09-04 22:50:03 +0100] Sync Log:  [END] Updating file src/controllers/content.js
[2018-09-04 22:50:03 +0100] Sync Log:  UNISON 2.51.2 (OCAML 4.06.1) finished propagating changes at 22:50:03.70 on 04 Sep 2018
[2018-09-04 22:50:03 +0100] Sync Log:  Synchronization complete at 22:50:03  (1 item transferred, 0 skipped, 0 failed)
[2018-09-04 22:50:20 +0100] Sync Log:  UNISON 2.51.2 (OCAML 4.06.1) started propagating changes at 22:50:20.78 on 04 Sep 2018
[2018-09-04 22:50:20 +0100] Sync Log:  [BGN] Updating file src/controllers/content.js from /host_sync to /app_sync
[2018-09-04 22:50:20 +0100] Sync Log:  [END] Updating file src/controllers/content.js
[2018-09-04 22:50:20 +0100] Sync Log:  UNISON 2.51.2 (OCAML 4.06.1) finished propagating changes at 22:50:20.78 on 04 Sep 2018
[2018-09-04 22:50:20 +0100] Sync Log:  Synchronization complete at 22:50:20  (1 item transferred, 0 skipped, 0 failed)
          ok  Starting native_osx for sync services-content-sync
          ok  services-content-sync container still running, restarting unison in container
unison: stopped
unison: started
     success  Sync container started
     success  Showing unison logs from your sync container: services-content-sync
          ok  Starting native_osx for sync web-content-sync
          ok  web-content-sync container still running, restarting unison in container
[2018-09-05 09:25:24 +0100] Sync Log:  UNISON 2.51.2 (OCAML 4.06.1) started propagating changes at 22:50:03.69 on 04 Sep 2018
[2018-09-05 09:25:24 +0100] Sync Log:  [BGN] Updating file src/controllers/content.js from /host_sync to /app_sync
[2018-09-05 09:25:24 +0100] Sync Log:  [END] Updating file src/controllers/content.js
[2018-09-05 09:25:24 +0100] Sync Log:  UNISON 2.51.2 (OCAML 4.06.1) finished propagating changes at 22:50:03.70 on 04 Sep 2018
[2018-09-05 09:25:24 +0100] Sync Log:  Synchronization complete at 22:50:03  (1 item transferred, 0 skipped, 0 failed)
[2018-09-05 09:25:24 +0100] Sync Log:  UNISON 2.51.2 (OCAML 4.06.1) started propagating changes at 22:50:20.78 on 04 Sep 2018
[2018-09-05 09:25:24 +0100] Sync Log:  [BGN] Updating file src/controllers/content.js from /host_sync to /app_sync
[2018-09-05 09:25:24 +0100] Sync Log:  [END] Updating file src/controllers/content.js
[2018-09-05 09:25:24 +0100] Sync Log:  UNISON 2.51.2 (OCAML 4.06.1) finished propagating changes at 22:50:20.78 on 04 Sep 2018
[2018-09-05 09:25:24 +0100] Sync Log:  Synchronization complete at 22:50:20  (1 item transferred, 0 skipped, 0 failed)
unison: stopped
unison: started
     success  Sync container started
     success  Showing unison logs from your sync container: web-content-sync
          ok  Starting native_osx for sync services-content-sync
          ok  services-content-sync container still running, restarting unison in container
unison: stopped
unison: started
     success  Sync container started
     success  Showing unison logs from your sync container: services-content-sync
          ok  Starting native_osx for sync web-content-sync
          ok  web-content-sync container still running, restarting unison in container
unison: stopped
unison: started
     success  Sync container started
     success  Showing unison logs from your sync container: web-content-sync
[2018-09-05 09:44:05 +0100] Sync Log:  UNISON 2.51.2 (OCAML 4.06.1) started propagating changes at 09:44:04.58 on 05 Sep 2018
[2018-09-05 09:44:05 +0100] Sync Log:  [BGN] Updating file Dockerfile from /host_sync to /app_sync
[2018-09-05 09:44:05 +0100] Sync Log:  [END] Updating file Dockerfile
[2018-09-05 09:44:05 +0100] Sync Log:  UNISON 2.51.2 (OCAML 4.06.1) finished propagating changes at 09:44:04.59 on 05 Sep 2018
[2018-09-05 09:44:05 +0100] Sync Log:  Synchronization complete at 09:44:04  (1 item transferred, 0 skipped, 0 failed)
          ok  Starting native_osx for sync services-content-sync
          ok  services-content-sync container still running, restarting unison in container
unison: stopped
unison: started
     success  Sync container started
     success  Showing unison logs from your sync container: services-content-sync
          ok  Starting native_osx for sync web-content-sync
          ok  web-content-sync container still running, restarting unison in container
unison: stopped
unison: started
     success  Sync container started
     success  Showing unison logs from your sync container: web-content-sync
[2018-09-05 09:56:01 +0100] Sync Log:  UNISON 2.51.2 (OCAML 4.06.1) started propagating changes at 09:44:04.58 on 05 Sep 2018
[2018-09-05 09:56:01 +0100] Sync Log:  [BGN] Updating file Dockerfile from /host_sync to /app_sync
[2018-09-05 09:56:01 +0100] Sync Log:  [END] Updating file Dockerfile
[2018-09-05 09:56:01 +0100] Sync Log:  UNISON 2.51.2 (OCAML 4.06.1) finished propagating changes at 09:44:04.59 on 05 Sep 2018
[2018-09-05 09:56:01 +0100] Sync Log:  Synchronization complete at 09:44:04  (1 item transferred, 0 skipped, 0 failed)
          ok  Starting native_osx for sync services-content-sync
          ok  services-content-sync container still running, restarting unison in container
unison: stopped
unison: started
     success  Sync container started
     success  Showing unison logs from your sync container: services-content-sync
          ok  Starting native_osx for sync web-content-sync
          ok  web-content-sync container still running, restarting unison in container
unison: stopped
unison: started
     success  Sync container started
     success  Showing unison logs from your sync container: web-content-sync
[2018-09-05 09:58:23 +0100] Sync Log:  UNISON 2.51.2 (OCAML 4.06.1) started propagating changes at 09:44:04.58 on 05 Sep 2018
[2018-09-05 09:58:23 +0100] Sync Log:  [BGN] Updating file Dockerfile from /host_sync to /app_sync
[2018-09-05 09:58:23 +0100] Sync Log:  [END] Updating file Dockerfile
[2018-09-05 09:58:23 +0100] Sync Log:  UNISON 2.51.2 (OCAML 4.06.1) finished propagating changes at 09:44:04.59 on 05 Sep 2018
[2018-09-05 09:58:23 +0100] Sync Log:  Synchronization complete at 09:44:04  (1 item transferred, 0 skipped, 0 failed)
[2018-09-05 09:58:56 +0100] Sync Log:  UNISON 2.51.2 (OCAML 4.06.1) started propagating changes at 09:58:55.57 on 05 Sep 2018
[2018-09-05 09:58:56 +0100] Sync Log:  [BGN] Updating file Dockerfile from /host_sync to /app_sync
[2018-09-05 09:58:56 +0100] Sync Log:  [END] Updating file Dockerfile
[2018-09-05 09:58:56 +0100] Sync Log:  UNISON 2.51.2 (OCAML 4.06.1) finished propagating changes at 09:58:55.57 on 05 Sep 2018
[2018-09-05 09:58:56 +0100] Sync Log:  Synchronization complete at 09:58:55  (1 item transferred, 0 skipped, 0 failed)
          ok  Starting native_osx for sync services-content-sync
          ok  services-content-sync container still running, restarting unison in container
unison: stopped
unison: started
     success  Sync container started
     success  Showing unison logs from your sync container: services-content-sync
          ok  Starting native_osx for sync web-content-sync
          ok  web-content-sync container still running, restarting unison in container
unison: stopped
unison: started
     success  Sync container started
     success  Showing unison logs from your sync container: web-content-sync
          ok  Starting native_osx for sync services-content-sync
          ok  services-content-sync container still running, restarting unison in container
unison: stopped
unison: started
     success  Sync container started
     success  Showing unison logs from your sync container: services-content-sync
          ok  Starting native_osx for sync web-content-sync
          ok  web-content-sync container still running, restarting unison in container
unison: stopped
unison: started
     success  Sync container started
     success  Showing unison logs from your sync container: web-content-sync
          ok  Starting native_osx for sync services-content-sync
          ok  services-content-sync container still running, restarting unison in container
unison: stopped
unison: started
     success  Sync container started
     success  Showing unison logs from your sync container: services-content-sync
          ok  Starting native_osx for sync web-content-sync
          ok  web-content-sync container still running, restarting unison in container
unison: stopped
unison: started
     success  Sync container started
     success  Showing unison logs from your sync container: web-content-sync
          ok  Starting native_osx for sync services-content-sync
          ok  services-content-sync container still running, restarting unison in container
unison: stopped
unison: started
     success  Sync container started
     success  Showing unison logs from your sync container: services-content-sync
          ok  Starting native_osx for sync web-content-sync
          ok  web-content-sync container still running, restarting unison in container
unison: stopped
unison: started
     success  Sync container started
     success  Showing unison logs from your sync container: web-content-sync
          ok  Starting native_osx for sync services-content-sync
          ok  services-content-sync container still running, restarting unison in container
unison: stopped
unison: started
     success  Sync container started
     success  Showing unison logs from your sync container: services-content-sync
          ok  Starting native_osx for sync web-content-sync
          ok  web-content-sync container still running, restarting unison in container
unison: stopped
unison: started
     success  Sync container started
     success  Showing unison logs from your sync container: web-content-sync
          ok  Starting native_osx for sync services-content-sync
          ok  services-content-sync container still running, restarting unison in container
unison: stopped
unison: started
     success  Sync container started
     success  Showing unison logs from your sync container: services-content-sync
          ok  Starting native_osx for sync web-content-sync
          ok  web-content-sync container still running, restarting unison in container
unison: stopped
unison: started
     success  Sync container started
     success  Showing unison logs from your sync container: web-content-sync
          ok  Starting native_osx for sync services-content-sync
          ok  services-content-sync container still running, restarting unison in container
unison: stopped
unison: started
     success  Sync container started
     success  Showing unison logs from your sync container: services-content-sync
          ok  Starting native_osx for sync web-content-sync
          ok  web-content-sync container still running, restarting unison in container
unison: stopped
unison: started
     success  Sync container started
     success  Showing unison logs from your sync container: web-content-sync
